<?xml version="1.0" encoding="UTF-8"?>
<!-- Generated by org.testng.reporters.JUnitReportReporter -->
<testsuite hostname="nooruddin1-sa" failures="0" tests="1" name="testcase.Signin_Existinguser" time="60.601" errors="0" timestamp="2025-04-10T12:03:26 IST" skipped="0">
  <testcase classname="testcase.Signin_Existinguser" name="login" time="60.601"/>
  <system-out/>
</testsuite> <!-- testcase.Signin_Existinguser -->
