<?xml version="1.0" encoding="UTF-8"?>
<!-- Generated by org.testng.reporters.JUnitReportReporter -->
<testsuite hostname="banoj-1-sa" failures="0" tests="1" name="testcase.Signin_Existinguser" time="31.636" errors="0" timestamp="2025-04-30T12:12:22 IST" skipped="0">
  <testcase classname="testcase.Signin_Existinguser" name="Login" time="31.636"/>
  <system-out/>
</testsuite> <!-- testcase.Signin_Existinguser -->
