<?xml version="1.0" encoding="UTF-8"?>
<!-- Generated by org.testng.reporters.JUnitReportReporter -->
<testsuite hostname="vjasmitha-sa" failures="0" tests="1" name="testcase.Share_Cat_Profile_Private" time="131.508" errors="0" timestamp="2025-04-07T15:50:49 IST" skipped="0">
  <testcase classname="testcase.Share_Cat_Profile_Private" name="sharepetprofile_private" time="131.508"/>
  <system-out/>
</testsuite> <!-- testcase.Share_Cat_Profile_Private -->
