<?xml version="1.0" encoding="UTF-8"?>
<!-- Generated by org.testng.reporters.JUnitReportReporter -->
<testsuite hostname="vjasmitha-sa" failures="0" tests="1" name="testcase.My_Account_Register_Oralsample" time="69.516" errors="0" timestamp="2025-04-07T12:09:03 IST" skipped="0">
  <testcase classname="testcase.My_Account_Register_Oralsample" name="myaacnt_register_oralsample" time="69.516"/>
  <system-out/>
</testsuite> <!-- testcase.My_Account_Register_Oralsample -->
