<?xml version="1.0" encoding="UTF-8"?>
<!-- Generated by org.testng.reporters.JUnitReportReporter -->
<testsuite hostname="vjasmitha-sa" failures="0" tests="1" name="testcase.Deactivate_Cat" time="214.198" errors="0" timestamp="2025-04-07T11:57:40 IST" skipped="0">
  <testcase classname="testcase.Deactivate_Cat" name="deactivatecat" time="214.198"/>
  <system-out/>
</testsuite> <!-- testcase.Deactivate_Cat -->
