<?xml version="1.0" encoding="UTF-8"?>
<!-- Generated by org.testng.reporters.JUnitReportReporter -->
<testsuite hostname="vjasmitha-sa" failures="0" tests="3" name="testcase.Cat_Vetdetails" time="361.737" errors="0" timestamp="2025-04-04T18:58:34 IST" skipped="0">
  <testcase classname="testcase.Cat_Vetdetails" name="addpet_MyPet" time="31.221"/>
  <system-out/>
  <testcase classname="testcase.Cat_Vetdetails" name="addpet_pethealth" time="292.127"/>
  <system-out/>
  <testcase classname="testcase.Cat_Vetdetails" name="addpet_Vetdetails" time="38.389"/>
  <system-out/>
</testsuite> <!-- testcase.Cat_Vetdetails -->
