<?xml version="1.0" encoding="UTF-8"?>
<!-- Generated by org.testng.reporters.JUnitReportReporter -->
<testsuite hostname="vjasmitha-sa" failures="0" tests="3" name="testcase.Cat_Img_VetDetails" time="398.781" errors="0" timestamp="2025-04-04T18:58:34 IST" skipped="0">
  <testcase classname="testcase.Cat_Img_VetDetails" name="addpet_mypet" time="57.526"/>
  <system-out/>
  <testcase classname="testcase.Cat_Img_VetDetails" name="addpet_pethealth" time="289.537"/>
  <system-out/>
  <testcase classname="testcase.Cat_Img_VetDetails" name="addpet_vetdetails" time="51.718"/>
  <system-out/>
</testsuite> <!-- testcase.Cat_Img_VetDetails -->
