<?xml version="1.0" encoding="UTF-8"?>
<!-- Generated by org.testng.reporters.JUnitReportReporter -->
<testsuite hostname="vjasmitha-sa" failures="0" tests="1" name="testcase.Signin_Existinguser" time="28.154" errors="0" timestamp="2025-04-07T15:50:49 IST" skipped="0">
  <testcase classname="testcase.Signin_Existinguser" name="login" time="28.154"/>
  <system-out/>
</testsuite> <!-- testcase.Signin_Existinguser -->
