<?xml version="1.0" encoding="UTF-8"?>
<!-- Generated by org.testng.reporters.JUnitReportReporter -->
<testsuite hostname="vjasmitha-sa" failures="0" tests="1" name="testcase.Edit_CatDetails" time="148.128" errors="0" timestamp="2025-04-02T11:52:20 IST" skipped="0">
  <testcase classname="testcase.Edit_CatDetails" name="edit_cat" time="148.128"/>
  <system-out/>
</testsuite> <!-- testcase.Edit_CatDetails -->
