<?xml version="1.0" encoding="UTF-8"?>
<!-- Generated by org.testng.reporters.JUnitReportReporter -->
<testsuite hostname="vjasmitha-sa" failures="0" tests="1" name="testcase.Signin_Existinguser" time="26.698" errors="0" timestamp="2025-04-07T12:09:03 IST" skipped="0">
  <testcase classname="testcase.Signin_Existinguser" name="login" time="26.698"/>
  <system-out/>
</testsuite> <!-- testcase.Signin_Existinguser -->
