<?xml version="1.0" encoding="UTF-8"?>
<!-- Generated by org.testng.reporters.JUnitReportReporter -->
<testsuite hostname="vjasmitha-sa" failures="0" tests="1" name="testcase.Register_Sample_Cat_Oral" time="65.836" errors="0" timestamp="2025-04-07T12:04:33 IST" skipped="0">
  <testcase classname="testcase.Register_Sample_Cat_Oral" name="register_oralsample" time="65.836"/>
  <system-out/>
</testsuite> <!-- testcase.Register_Sample_Cat_Oral -->
