<?xml version="1.0" encoding="UTF-8"?>
<!-- Generated by org.testng.reporters.JUnitReportReporter -->
<testsuite hostname="vjasmitha-sa" failures="0" tests="1" name="testcase.RegisterSample_Addpet_Cat" time="85.801" errors="0" timestamp="2025-04-07T12:04:33 IST" skipped="0">
  <testcase classname="testcase.RegisterSample_Addpet_Cat" name="register_sample_addpet" time="85.801"/>
  <system-out/>
</testsuite> <!-- testcase.RegisterSample_Addpet_Cat -->
