<?xml version="1.0" encoding="UTF-8"?>
<!-- Generated by org.testng.reporters.JUnitReportReporter -->
<testsuite hostname="vjasmitha-sa" failures="0" tests="2" name="testcase.Cat_only_Image$Cat_Img_VetDetails" time="355.556" errors="0" timestamp="2025-04-04T18:58:34 IST" skipped="0">
  <testcase classname="testcase.Cat_only_Image$Cat_Img_VetDetails" name="addpet_Mypet" time="53.803"/>
  <system-out/>
  <testcase classname="testcase.Cat_only_Image$Cat_Img_VetDetails" name="addpet_PetHealth" time="301.753"/>
  <system-out/>
</testsuite> <!-- testcase.Cat_only_Image$Cat_Img_VetDetails -->
