<?xml version="1.0" encoding="UTF-8"?>
<!-- Generated by org.testng.reporters.JUnitReportReporter -->
<testsuite hostname="vjasmitha-sa" failures="0" tests="1" name="testcase.Add_Cat_None" time="84.441" errors="0" timestamp="2025-04-04T18:58:34 IST" skipped="0">
  <testcase classname="testcase.Add_Cat_None" name="addcat_none" time="84.441"/>
  <system-out/>
</testsuite> <!-- testcase.Add_Cat_None -->
